2026-03-24 12:37:55,509 - [INFO] - 🧠 Skynet Unified AI Brain: ONLINE
2026-03-24 12:37:55,509 - [INFO] - 📡 Monitoring Nodes: Pi5 / Hailo-8L, ASUS Edge-t, AI Vision Node
2026-03-24 12:37:55,513 - [INFO] - --- Unified Cycle 1 | Temp: 49.9'C ---
2026-03-24 12:37:55,513 - [INFO] - 👁 Scanning world state for Phase 2.1 mutations...
2026-03-24 12:37:55,513 - [INFO] - ☀️ No incursions detected. World state: PRISTINE.
2026-03-24 12:37:55,513 - [INFO] - 🚩 Deploying randomized Void Reclamation warning...
2026-03-24 12:37:55,513 - [INFO] - 🚩 Deploying warning to -1324, -872...
2026-03-24 12:37:56,571 - [INFO] - ✅ Void Reclamation sign successfully placed.
2026-03-24 12:37:56,571 - [INFO] - 🏗 Delegating Void-Tech 671 to AI Vision Node...
2026-03-24 12:37:56,571 - [INFO] - 🧠 Selecting spatial inference logic for node_vision...
2026-03-24 12:37:56,571 - [INFO] - 📡 node_vision using prompt: sentry_prism_v2.json
2026-03-24 12:37:56,572 - [ERROR] - Failed to generate logic for node_vision: list index out of range
2026-03-24 12:37:56,572 - [INFO] - 💤 Cycle complete. Next sequence in 3600s.
2026-03-24 23:12:53,231 - [INFO] - 🧠 Skynet Unified AI Brain: ONLINE
2026-03-24 23:12:53,231 - [INFO] - 📡 Monitoring Nodes: Pi5 / Hailo-8L, ASUS Edge-t, AI Vision Node
2026-03-24 23:12:53,233 - [INFO] - --- Unified Cycle 1 | Temp: 47.2'C ---
2026-03-24 23:12:53,234 - [INFO] - 👁 Scanning world state for Phase 2.1 mutations...
2026-03-24 23:12:53,234 - [INFO] - ☀️ No incursions detected. World state: PRISTINE.
2026-03-24 23:12:53,234 - [INFO] - 🚩 Deploying randomized Void Reclamation warning...
2026-03-24 23:12:53,234 - [INFO] - 🚩 Deploying warning to -1126, -714...
2026-03-24 23:12:54,260 - [INFO] - ✅ Void Reclamation sign successfully placed.
2026-03-24 23:12:54,261 - [INFO] - 🏗 Delegating Void-Tech 263 to AI Vision Node...
2026-03-24 23:12:54,261 - [INFO] - 🧠 Selecting spatial inference logic for node_vision...
2026-03-24 23:12:54,290 - [INFO] - ✅ Successfully urbanized Silicon Ridge (Beta-Zone)
2026-03-24 23:12:54,291 - [INFO] - 💤 Cycle complete. Next sequence in 3600s.
2026-03-24 12:37:56,572 - [INFO] - 💤 Cycle complete. Next sequence in 3600s.
