2026-03-24 13:13:15,591 - [INFO] - 🚀 AI Warning Sign Daemon: INITIALIZED
2026-03-24 13:13:15,591 - [INFO] - 🔌 Connecting to Chonk RCON for Void Reclamation placement...
2026-03-24 13:13:16,618 - [INFO] - ✅ Placed warning at -1530, -888: PROCEED WITH CAUTION
2026-03-24 13:13:16,618 - [INFO] - 💤 Sleeping for 3600s...
2026-03-24 14:13:16,618 - [INFO] - 🔌 Connecting to Chonk RCON for Void Reclamation placement...
2026-03-24 14:13:17,646 - [INFO] - ✅ Placed warning at -1359, -489: CIRCUITS - 2026
2026-03-24 14:13:17,646 - [INFO] - 💤 Sleeping for 3600s...
2026-03-24 15:13:17,646 - [INFO] - 🔌 Connecting to Chonk RCON for Void Reclamation placement...
2026-03-24 15:13:18,669 - [INFO] - ✅ Placed warning at -1377, -555: PROCEED WITH CAUTION
2026-03-24 15:13:18,670 - [INFO] - 💤 Sleeping for 3600s...
2026-03-24 16:13:18,670 - [INFO] - 🔌 Connecting to Chonk RCON for Void Reclamation placement...
2026-03-24 16:13:19,694 - [INFO] - ✅ Placed warning at -951, -633: PROCEED WITH CAUTION
2026-03-24 16:13:19,694 - [INFO] - 💤 Sleeping for 3600s...
2026-03-24 17:13:19,694 - [INFO] - 🔌 Connecting to Chonk RCON for Void Reclamation placement...
2026-03-24 17:13:20,718 - [INFO] - ✅ Placed warning at -1045, -879: PLEASE WAIT...
2026-03-24 17:13:20,718 - [INFO] - 💤 Sleeping for 3600s...
2026-03-24 18:13:20,719 - [INFO] - 🔌 Connecting to Chonk RCON for Void Reclamation placement...
2026-03-24 18:13:21,741 - [INFO] - ✅ Placed warning at -1159, -667: CIRCUITS - 2026
2026-03-24 18:13:21,741 - [INFO] - 💤 Sleeping for 3600s...
2026-03-24 19:13:21,741 - [INFO] - 🔌 Connecting to Chonk RCON for Void Reclamation placement...
2026-03-24 19:13:22,763 - [INFO] - ✅ Placed warning at -1119, -694: PROCEED WITH CAUTION
2026-03-24 19:13:22,763 - [INFO] - 💤 Sleeping for 3600s...
2026-03-24 20:13:22,764 - [INFO] - 🔌 Connecting to Chonk RCON for Void Reclamation placement...
2026-03-24 20:13:23,785 - [INFO] - ✅ Placed warning at -1230, -778: VOID LEAK DETECTED
2026-03-24 20:13:23,786 - [INFO] - 💤 Sleeping for 3600s...
2026-03-24 21:13:23,786 - [INFO] - 🔌 Connecting to Chonk RCON for Void Reclamation placement...
2026-03-24 21:13:24,808 - [INFO] - ✅ Placed warning at -1421, -746: PLEASE WAIT...
2026-03-24 21:13:24,808 - [INFO] - 💤 Sleeping for 3600s...
2026-03-24 22:13:24,809 - [INFO] - 🔌 Connecting to Chonk RCON for Void Reclamation placement...
2026-03-24 22:13:25,831 - [INFO] - ✅ Placed warning at -1511, -774: PLEASE WAIT...
2026-03-24 22:13:25,832 - [INFO] - 💤 Sleeping for 3600s...
2026-03-24 23:13:25,832 - [INFO] - 🔌 Connecting to Chonk RCON for Void Reclamation placement...
2026-03-24 23:13:26,856 - [INFO] - ✅ Placed warning at -1461, -603: VOID LEAK DETECTED
2026-03-24 23:13:26,856 - [INFO] - 💤 Sleeping for 3600s...
2026-03-25 00:13:26,856 - [INFO] - 🔌 Connecting to Chonk RCON for Void Reclamation placement...
2026-03-25 00:13:27,882 - [INFO] - ✅ Placed warning at -1217, -560: VOID LEAK DETECTED
2026-03-25 00:13:27,882 - [INFO] - 💤 Sleeping for 3600s...
2026-03-25 01:13:27,883 - [INFO] - 🔌 Connecting to Chonk RCON for Void Reclamation placement...
2026-03-25 01:13:28,906 - [INFO] - ✅ Placed warning at -1117, -754: CIRCUITS - 2026
2026-03-25 01:13:28,906 - [INFO] - 💤 Sleeping for 3600s...
2026-03-25 02:13:28,906 - [INFO] - 🔌 Connecting to Chonk RCON for Void Reclamation placement...
2026-03-25 02:13:29,929 - [INFO] - ✅ Placed warning at -966, -513: PROCEED WITH CAUTION
2026-03-25 02:13:29,929 - [INFO] - 💤 Sleeping for 3600s...
2026-03-25 03:13:29,929 - [INFO] - 🔌 Connecting to Chonk RCON for Void Reclamation placement...
2026-03-25 03:13:30,951 - [INFO] - ✅ Placed warning at -1211, -672: CIRCUITS - 2026
2026-03-25 03:13:30,951 - [INFO] - 💤 Sleeping for 3600s...
2026-03-25 04:13:30,952 - [INFO] - 🔌 Connecting to Chonk RCON for Void Reclamation placement...
2026-03-25 04:13:31,975 - [INFO] - ✅ Placed warning at -1315, -799: PROCEED WITH CAUTION
2026-03-25 04:13:31,975 - [INFO] - 💤 Sleeping for 3600s...
2026-03-25 05:13:31,976 - [INFO] - 🔌 Connecting to Chonk RCON for Void Reclamation placement...
2026-03-25 05:13:32,998 - [INFO] - ✅ Placed warning at -1171, -504: PLEASE WAIT...
2026-03-25 05:13:32,999 - [INFO] - 💤 Sleeping for 3600s...
2026-03-25 06:13:32,999 - [INFO] - 🔌 Connecting to Chonk RCON for Void Reclamation placement...
2026-03-25 06:13:34,020 - [INFO] - ✅ Placed warning at -1433, -641: VOID LEAK DETECTED
2026-03-25 06:13:34,020 - [INFO] - 💤 Sleeping for 3600s...
2026-03-25 07:13:34,021 - [INFO] - 🔌 Connecting to Chonk RCON for Void Reclamation placement...
2026-03-25 07:13:35,043 - [INFO] - ✅ Placed warning at -1036, -883: PROCEED WITH CAUTION
2026-03-25 07:13:35,043 - [INFO] - 💤 Sleeping for 3600s...
2026-03-25 08:13:35,043 - [INFO] - 🔌 Connecting to Chonk RCON for Void Reclamation placement...
2026-03-25 08:13:36,067 - [INFO] - ✅ Placed warning at -1036, -886: PLEASE WAIT...
2026-03-25 08:13:36,067 - [INFO] - 💤 Sleeping for 3600s...
2026-03-25 09:13:36,067 - [INFO] - 🔌 Connecting to Chonk RCON for Void Reclamation placement...
2026-03-25 09:13:37,090 - [INFO] - ✅ Placed warning at -1472, -492: PROCEED WITH CAUTION
2026-03-25 09:13:37,090 - [INFO] - 💤 Sleeping for 3600s...
2026-03-25 10:13:37,090 - [INFO] - 🔌 Connecting to Chonk RCON for Void Reclamation placement...
2026-03-25 10:13:38,116 - [INFO] - ✅ Placed warning at -967, -690: RESTRICTED AREA
2026-03-25 10:13:38,116 - [INFO] - 💤 Sleeping for 3600s...
