2026-05-06 17:29:56,389 - rail_manager - INFO - Calculating route efficiency via Hailo-8L for washington_terminus_main...
2026-05-06 17:29:56,439 - rail_manager - INFO - Running Safety Interlock (Edge TPU) for washington_terminus_main...
2026-05-06 17:29:56,440 - rail_manager - ERROR - RCON Connection Error: Login failed
2026-05-06 17:29:56,441 - rail_manager - ERROR - Failed to toggle switch washington_terminus_main via RCON.
2026-05-06 17:29:56,441 - rail_manager - INFO - Calculating route efficiency via Hailo-8L for washington_terminus_main...
2026-05-06 17:29:56,492 - rail_safety - ERROR - ⚠️ SAFETY ABORT: Entity detected near washington_terminus_main. State change cancelled.
2026-05-06 17:38:26,218 - rail_manager - INFO - Calculating route efficiency via Hailo-8L for washington_terminus_main...
2026-05-06 17:38:26,269 - rail_manager - INFO - Running Safety Interlock (Edge TPU) for washington_terminus_main...
2026-05-06 17:38:26,278 - rail_manager - INFO - RCON Response: That position is not loaded
2026-05-06 17:38:26,278 - rail_manager - ERROR - Failed to toggle switch washington_terminus_main via RCON.
2026-05-06 17:38:40,108 - rail_manager - INFO - Calculating route efficiency via Hailo-8L for chonk_02_sensor_switch...
2026-05-06 17:38:40,158 - rail_manager - INFO - Running Safety Interlock (Edge TPU) for chonk_02_sensor_switch...
2026-05-06 17:38:40,165 - rail_manager - INFO - RCON Response: Changed the block at 1583, 59, 670
2026-05-06 17:38:40,165 - rail_manager - INFO - Verifying physical state of chonk_02_sensor_switch via Edge-T Vision...
2026-05-06 17:38:40,165 - rail_manager - INFO - Switch chonk_02_sensor_switch verified via Vision.
2026-05-06 17:38:40,166 - rail_manager - INFO - Switch chonk_02_sensor_switch successfully toggled to ACTIVE
2026-05-06 17:39:00,620 - rail_manager - INFO - Calculating route efficiency via Hailo-8L for chonk_02_sensor_switch...
2026-05-06 17:39:00,670 - rail_manager - INFO - Running Safety Interlock (Edge TPU) for chonk_02_sensor_switch...
2026-05-06 17:39:00,677 - rail_manager - INFO - RCON Response: Changed the block at 1583, 59, 670
2026-05-06 17:39:00,677 - rail_manager - INFO - Verifying physical state of chonk_02_sensor_switch via Edge-T Vision...
2026-05-06 17:39:00,677 - rail_manager - INFO - Switch chonk_02_sensor_switch verified via Vision.
2026-05-06 17:39:00,680 - rail_manager - INFO - Switch chonk_02_sensor_switch successfully toggled to ACTIVE
