[2026-05-08 20:12:51] Initiating manifest of 113 voxels at {'x': -1200, 'y': 63, 'z': -700}
[2026-05-08 20:12:57] Deployment SUCCESS
[2026-05-08 20:20:17] CRITICAL: Re-routing manifestation to Primary Field Center: {'x': -1242, 'y': 63, 'z': -1242}
[2026-05-08 20:20:17] PROTOCOL FAILURE: Server rejected injection. Response: That position is not loaded
[2026-05-08 20:24:06] Orchestrating manifestation at Primary Field: {'x': -1242, 'y': 63, 'z': -1242}
[2026-05-08 20:24:13] Deployment VERIFIED SUCCESS
[2026-05-08 20:35:36] Orchestrating manifestation at Recalibrated Anchor: {'x': -1242, 'y': 63, 'z': -701}
[2026-05-08 20:35:44] Deployment VERIFIED SUCCESS
[2026-05-08 20:38:58] Manifesting Pulse Relay at: {'x': -1210, 'y': 64, 'z': -680}
[2026-05-08 20:39:00] Deployment VERIFIED SUCCESS
[2026-05-08 20:41:52] DEPLOYMENT INITIATED: Vortex Cooling Array at {'x': -1200, 'y': 64, 'z': -660}
[2026-05-08 20:41:55] STATUS: VERIFIED SUCCESS
[2026-05-08 20:45:40] MACRO DEPLOYMENT: Anti-Entropy Siphon (517 voxels)
[2026-05-08 20:45:51] STATUS: MACRO SUCCESS
[2026-05-08 20:55:01] TITAN DEPLOYMENT: Neural Monolith: Violet Eye at {'x': -1242, 'y': 64, 'z': -750}
[2026-05-08 20:57:21] STATUS: TITAN SUCCESS
[2026-05-08 21:30:45] TITAN DEPLOYMENT: Neural Monolith: Violet Eye (v2) at {'x': -1242, 'y': 64, 'z': -750}
[2026-05-08 21:32:23] STATUS: TITAN SUCCESS
[2026-05-08 21:36:05] V2 TITAN DEPLOYMENT: Neural Monolith: Violet Eye (v2) at {'x': -1242, 'y': 64, 'z': -750}
[2026-05-08 21:37:41] STATUS: TITAN V2 SUCCESS
[2026-05-08 21:42:48] EXTRATERRESTRIAL DEPLOYMENT: Abyssal Voidcraft at {'x': -1350, 'y': 64, 'z': -800}
[2026-05-08 21:44:42] STATUS: VOIDCRAFT SUCCESS
