Traceback (most recent call last):
  File "/home/franklin/workspace/gaming/game-skynet-minecraft/schematic-agent/skynet_unified.py", line 9, in <module>
    from skynet_core import Config, SkynetRCON, SkynetCore, setup_logging
  File "/home/franklin/workspace/gaming/game-skynet-minecraft/schematic-agent/skynet_core.py", line 8, in <module>
    from mcrcon import MCRcon
ModuleNotFoundError: No module named 'mcrcon'
Traceback (most recent call last):
  File "/home/franklin/workspace/gaming/game-skynet-minecraft/schematic-agent/skynet_unified.py", line 9, in <module>
    from skynet_core import Config, SkynetRCON, SkynetCore, setup_logging
  File "/home/franklin/workspace/gaming/game-skynet-minecraft/schematic-agent/skynet_core.py", line 8, in <module>
    from mcrcon import MCRcon
ModuleNotFoundError: No module named 'mcrcon'
Traceback (most recent call last):
  File "/home/franklin/workspace/gaming/game-skynet-minecraft/schematic-agent/skynet_unified.py", line 10, in <module>
    from adaptive_mutation_v7 import AdaptiveMutator
  File "/home/franklin/workspace/gaming/game-skynet-minecraft/schematic-agent/adaptive_mutation_v7.py", line 7, in <module>
    from npu_spatial_engine import NPUSpatialEngine
ImportError: cannot import name 'NPUSpatialEngine' from 'npu_spatial_engine' (/home/franklin/workspace/gaming/game-skynet-minecraft/schematic-agent/npu_spatial_engine.py)
Traceback (most recent call last):
  File "/home/franklin/workspace/gaming/game-skynet-minecraft/schematic-agent/skynet_unified.py", line 10, in <module>
    from adaptive_mutation_v7 import AdaptiveMutator
  File "/home/franklin/workspace/gaming/game-skynet-minecraft/schematic-agent/adaptive_mutation_v7.py", line 7, in <module>
    from npu_spatial_engine import NPUSpatialEngine
ImportError: cannot import name 'NPUSpatialEngine' from 'npu_spatial_engine' (/home/franklin/workspace/gaming/game-skynet-minecraft/schematic-agent/npu_spatial_engine.py)
Traceback (most recent call last):
  File "/home/franklin/workspace/gaming/game-skynet-minecraft/schematic-agent/skynet_unified.py", line 10, in <module>
    from adaptive_mutation_v7 import AdaptiveMutator
  File "/home/franklin/workspace/gaming/game-skynet-minecraft/schematic-agent/adaptive_mutation_v7.py", line 7, in <module>
    from npu_spatial_engine import NPUSpatialEngine
ImportError: cannot import name 'NPUSpatialEngine' from 'npu_spatial_engine' (/home/franklin/workspace/gaming/game-skynet-minecraft/schematic-agent/npu_spatial_engine.py)
Traceback (most recent call last):
  File "/home/franklin/workspace/gaming/game-skynet-minecraft/schematic-agent/skynet_unified.py", line 10, in <module>
    from adaptive_mutation_v7 import AdaptiveMutator
  File "/home/franklin/workspace/gaming/game-skynet-minecraft/schematic-agent/adaptive_mutation_v7.py", line 7, in <module>
    from npu_spatial_engine import NPUSpatialEngine
ImportError: cannot import name 'NPUSpatialEngine' from 'npu_spatial_engine' (/home/franklin/workspace/gaming/game-skynet-minecraft/schematic-agent/npu_spatial_engine.py)
Traceback (most recent call last):
  File "/home/franklin/workspace/gaming/game-skynet-minecraft/schematic-agent/skynet_unified.py", line 10, in <module>
    from adaptive_mutation_v7 import AdaptiveMutator
  File "/home/franklin/workspace/gaming/game-skynet-minecraft/schematic-agent/adaptive_mutation_v7.py", line 7, in <module>
    from npu_spatial_engine import NPUSpatialEngine
ImportError: cannot import name 'NPUSpatialEngine' from 'npu_spatial_engine' (/home/franklin/workspace/gaming/game-skynet-minecraft/schematic-agent/npu_spatial_engine.py)
Traceback (most recent call last):
  File "/home/franklin/workspace/gaming/game-skynet-minecraft/schematic-agent/skynet_unified.py", line 10, in <module>
    from adaptive_mutation_v7 import AdaptiveMutator
  File "/home/franklin/workspace/gaming/game-skynet-minecraft/schematic-agent/adaptive_mutation_v7.py", line 7, in <module>
    from npu_spatial_engine import NPUSpatialEngine
ImportError: cannot import name 'NPUSpatialEngine' from 'npu_spatial_engine' (/home/franklin/workspace/gaming/game-skynet-minecraft/schematic-agent/npu_spatial_engine.py)
Traceback (most recent call last):
  File "/home/franklin/workspace/gaming/game-skynet-minecraft/schematic-agent/skynet_unified.py", line 10, in <module>
    from adaptive_mutation_v7 import AdaptiveMutator
  File "/home/franklin/workspace/gaming/game-skynet-minecraft/schematic-agent/adaptive_mutation_v7.py", line 7, in <module>
    from npu_spatial_engine import NPUSpatialEngine
ImportError: cannot import name 'NPUSpatialEngine' from 'npu_spatial_engine' (/home/franklin/workspace/gaming/game-skynet-minecraft/schematic-agent/npu_spatial_engine.py)
Traceback (most recent call last):
  File "/home/franklin/workspace/gaming/game-skynet-minecraft/schematic-agent/skynet_unified.py", line 10, in <module>
    from adaptive_mutation_v7 import AdaptiveMutator
  File "/home/franklin/workspace/gaming/game-skynet-minecraft/schematic-agent/adaptive_mutation_v7.py", line 7, in <module>
    from npu_spatial_engine import NPUSpatialEngine
ImportError: cannot import name 'NPUSpatialEngine' from 'npu_spatial_engine' (/home/franklin/workspace/gaming/game-skynet-minecraft/schematic-agent/npu_spatial_engine.py)
Traceback (most recent call last):
  File "/home/franklin/workspace/gaming/game-skynet-minecraft/schematic-agent/skynet_unified.py", line 10, in <module>
    from adaptive_mutation_v7 import AdaptiveMutator
  File "/home/franklin/workspace/gaming/game-skynet-minecraft/schematic-agent/adaptive_mutation_v7.py", line 7, in <module>
    from npu_spatial_engine import NPUSpatialEngine
ImportError: cannot import name 'NPUSpatialEngine' from 'npu_spatial_engine' (/home/franklin/workspace/gaming/game-skynet-minecraft/schematic-agent/npu_spatial_engine.py)
Traceback (most recent call last):
  File "/home/franklin/workspace/gaming/game-skynet-minecraft/schematic-agent/skynet_unified.py", line 10, in <module>
    from adaptive_mutation_v7 import AdaptiveMutator
  File "/home/franklin/workspace/gaming/game-skynet-minecraft/schematic-agent/adaptive_mutation_v7.py", line 7, in <module>
    from npu_spatial_engine import NPUSpatialEngine
ImportError: cannot import name 'NPUSpatialEngine' from 'npu_spatial_engine' (/home/franklin/workspace/gaming/game-skynet-minecraft/schematic-agent/npu_spatial_engine.py)
Traceback (most recent call last):
  File "/home/franklin/workspace/gaming/game-skynet-minecraft/schematic-agent/skynet_unified.py", line 10, in <module>
    from adaptive_mutation_v7 import AdaptiveMutator
  File "/home/franklin/workspace/gaming/game-skynet-minecraft/schematic-agent/adaptive_mutation_v7.py", line 7, in <module>
    from npu_spatial_engine import NPUSpatialEngine
ImportError: cannot import name 'NPUSpatialEngine' from 'npu_spatial_engine' (/home/franklin/workspace/gaming/game-skynet-minecraft/schematic-agent/npu_spatial_engine.py)
Traceback (most recent call last):
  File "/home/franklin/workspace/gaming/game-skynet-minecraft/schematic-agent/skynet_unified.py", line 10, in <module>
    from adaptive_mutation_v7 import AdaptiveMutator
  File "/home/franklin/workspace/gaming/game-skynet-minecraft/schematic-agent/adaptive_mutation_v7.py", line 7, in <module>
    from npu_spatial_engine import NPUSpatialEngine
ImportError: cannot import name 'NPUSpatialEngine' from 'npu_spatial_engine' (/home/franklin/workspace/gaming/game-skynet-minecraft/schematic-agent/npu_spatial_engine.py)
Traceback (most recent call last):
  File "/home/franklin/workspace/gaming/game-skynet-minecraft/schematic-agent/skynet_unified.py", line 10, in <module>
    from adaptive_mutation_v7 import AdaptiveMutator
  File "/home/franklin/workspace/gaming/game-skynet-minecraft/schematic-agent/adaptive_mutation_v7.py", line 7, in <module>
    from npu_spatial_engine import NPUSpatialEngine
ImportError: cannot import name 'NPUSpatialEngine' from 'npu_spatial_engine' (/home/franklin/workspace/gaming/game-skynet-minecraft/schematic-agent/npu_spatial_engine.py)
Traceback (most recent call last):
  File "/home/franklin/workspace/gaming/game-skynet-minecraft/schematic-agent/skynet_unified.py", line 10, in <module>
    from adaptive_mutation_v7 import AdaptiveMutator
  File "/home/franklin/workspace/gaming/game-skynet-minecraft/schematic-agent/adaptive_mutation_v7.py", line 7, in <module>
    from npu_spatial_engine import NPUSpatialEngine
ImportError: cannot import name 'NPUSpatialEngine' from 'npu_spatial_engine' (/home/franklin/workspace/gaming/game-skynet-minecraft/schematic-agent/npu_spatial_engine.py)
Traceback (most recent call last):
  File "/home/franklin/workspace/gaming/game-skynet-minecraft/schematic-agent/skynet_unified.py", line 10, in <module>
    from adaptive_mutation_v7 import AdaptiveMutator
  File "/home/franklin/workspace/gaming/game-skynet-minecraft/schematic-agent/adaptive_mutation_v7.py", line 7, in <module>
    from npu_spatial_engine import NPUSpatialEngine
ImportError: cannot import name 'NPUSpatialEngine' from 'npu_spatial_engine' (/home/franklin/workspace/gaming/game-skynet-minecraft/schematic-agent/npu_spatial_engine.py)
Traceback (most recent call last):
  File "/home/franklin/workspace/gaming/game-skynet-minecraft/schematic-agent/skynet_unified.py", line 10, in <module>
    from adaptive_mutation_v7 import AdaptiveMutator
  File "/home/franklin/workspace/gaming/game-skynet-minecraft/schematic-agent/adaptive_mutation_v7.py", line 7, in <module>
    from npu_spatial_engine import NPUSpatialEngine
ImportError: cannot import name 'NPUSpatialEngine' from 'npu_spatial_engine' (/home/franklin/workspace/gaming/game-skynet-minecraft/schematic-agent/npu_spatial_engine.py)
Traceback (most recent call last):
  File "/home/franklin/workspace/gaming/game-skynet-minecraft/schematic-agent/skynet_unified.py", line 10, in <module>
    from adaptive_mutation_v7 import AdaptiveMutator
  File "/home/franklin/workspace/gaming/game-skynet-minecraft/schematic-agent/adaptive_mutation_v7.py", line 7, in <module>
    from npu_spatial_engine import NPUSpatialEngine
ImportError: cannot import name 'NPUSpatialEngine' from 'npu_spatial_engine' (/home/franklin/workspace/gaming/game-skynet-minecraft/schematic-agent/npu_spatial_engine.py)
Traceback (most recent call last):
  File "/home/franklin/workspace/gaming/game-skynet-minecraft/schematic-agent/skynet_unified.py", line 10, in <module>
    from adaptive_mutation_v7 import AdaptiveMutator
  File "/home/franklin/workspace/gaming/game-skynet-minecraft/schematic-agent/adaptive_mutation_v7.py", line 7, in <module>
    from npu_spatial_engine import NPUSpatialEngine
ImportError: cannot import name 'NPUSpatialEngine' from 'npu_spatial_engine' (/home/franklin/workspace/gaming/game-skynet-minecraft/schematic-agent/npu_spatial_engine.py)
Traceback (most recent call last):
  File "/home/franklin/workspace/gaming/game-skynet-minecraft/schematic-agent/skynet_unified.py", line 10, in <module>
    from adaptive_mutation_v7 import AdaptiveMutator
  File "/home/franklin/workspace/gaming/game-skynet-minecraft/schematic-agent/adaptive_mutation_v7.py", line 7, in <module>
    from npu_spatial_engine import NPUSpatialEngine
ImportError: cannot import name 'NPUSpatialEngine' from 'npu_spatial_engine' (/home/franklin/workspace/gaming/game-skynet-minecraft/schematic-agent/npu_spatial_engine.py)
Traceback (most recent call last):
  File "/home/franklin/workspace/gaming/game-skynet-minecraft/schematic-agent/skynet_unified.py", line 10, in <module>
    from adaptive_mutation_v7 import AdaptiveMutator
  File "/home/franklin/workspace/gaming/game-skynet-minecraft/schematic-agent/adaptive_mutation_v7.py", line 7, in <module>
    from npu_spatial_engine import NPUSpatialEngine
ImportError: cannot import name 'NPUSpatialEngine' from 'npu_spatial_engine' (/home/franklin/workspace/gaming/game-skynet-minecraft/schematic-agent/npu_spatial_engine.py)
Traceback (most recent call last):
  File "/home/franklin/workspace/gaming/game-skynet-minecraft/schematic-agent/skynet_unified.py", line 10, in <module>
    from adaptive_mutation_v7 import AdaptiveMutator
  File "/home/franklin/workspace/gaming/game-skynet-minecraft/schematic-agent/adaptive_mutation_v7.py", line 7, in <module>
    from npu_spatial_engine import NPUSpatialEngine
ImportError: cannot import name 'NPUSpatialEngine' from 'npu_spatial_engine' (/home/franklin/workspace/gaming/game-skynet-minecraft/schematic-agent/npu_spatial_engine.py)
Traceback (most recent call last):
  File "/home/franklin/workspace/gaming/game-skynet-minecraft/schematic-agent/skynet_unified.py", line 10, in <module>
    from adaptive_mutation_v7 import AdaptiveMutator
  File "/home/franklin/workspace/gaming/game-skynet-minecraft/schematic-agent/adaptive_mutation_v7.py", line 7, in <module>
    from npu_spatial_engine import NPUSpatialEngine
ImportError: cannot import name 'NPUSpatialEngine' from 'npu_spatial_engine' (/home/franklin/workspace/gaming/game-skynet-minecraft/schematic-agent/npu_spatial_engine.py)
Traceback (most recent call last):
  File "/home/franklin/workspace/gaming/game-skynet-minecraft/schematic-agent/skynet_unified.py", line 10, in <module>
    from adaptive_mutation_v7 import AdaptiveMutator
  File "/home/franklin/workspace/gaming/game-skynet-minecraft/schematic-agent/adaptive_mutation_v7.py", line 7, in <module>
    from npu_spatial_engine import NPUSpatialEngine
ImportError: cannot import name 'NPUSpatialEngine' from 'npu_spatial_engine' (/home/franklin/workspace/gaming/game-skynet-minecraft/schematic-agent/npu_spatial_engine.py)
Traceback (most recent call last):
  File "/home/franklin/workspace/gaming/game-skynet-minecraft/schematic-agent/skynet_unified.py", line 10, in <module>
    from adaptive_mutation_v7 import AdaptiveMutator
  File "/home/franklin/workspace/gaming/game-skynet-minecraft/schematic-agent/adaptive_mutation_v7.py", line 7, in <module>
    from npu_spatial_engine import NPUSpatialEngine
ImportError: cannot import name 'NPUSpatialEngine' from 'npu_spatial_engine' (/home/franklin/workspace/gaming/game-skynet-minecraft/schematic-agent/npu_spatial_engine.py)
Traceback (most recent call last):
  File "/home/franklin/workspace/gaming/game-skynet-minecraft/schematic-agent/skynet_unified.py", line 10, in <module>
    from adaptive_mutation_v7 import AdaptiveMutator
  File "/home/franklin/workspace/gaming/game-skynet-minecraft/schematic-agent/adaptive_mutation_v7.py", line 7, in <module>
    from npu_spatial_engine import NPUSpatialEngine
ImportError: cannot import name 'NPUSpatialEngine' from 'npu_spatial_engine' (/home/franklin/workspace/gaming/game-skynet-minecraft/schematic-agent/npu_spatial_engine.py)
Traceback (most recent call last):
  File "/home/franklin/workspace/gaming/game-skynet-minecraft/schematic-agent/skynet_unified.py", line 10, in <module>
    from adaptive_mutation_v7 import AdaptiveMutator
  File "/home/franklin/workspace/gaming/game-skynet-minecraft/schematic-agent/adaptive_mutation_v7.py", line 7, in <module>
    from npu_spatial_engine import NPUSpatialEngine
ImportError: cannot import name 'NPUSpatialEngine' from 'npu_spatial_engine' (/home/franklin/workspace/gaming/game-skynet-minecraft/schematic-agent/npu_spatial_engine.py)
Traceback (most recent call last):
  File "/home/franklin/workspace/gaming/game-skynet-minecraft/schematic-agent/skynet_unified.py", line 10, in <module>
    from adaptive_mutation_v7 import AdaptiveMutator
  File "/home/franklin/workspace/gaming/game-skynet-minecraft/schematic-agent/adaptive_mutation_v7.py", line 7, in <module>
    from npu_spatial_engine import NPUSpatialEngine
ImportError: cannot import name 'NPUSpatialEngine' from 'npu_spatial_engine' (/home/franklin/workspace/gaming/game-skynet-minecraft/schematic-agent/npu_spatial_engine.py)
Traceback (most recent call last):
  File "/home/franklin/workspace/gaming/game-skynet-minecraft/schematic-agent/skynet_unified.py", line 10, in <module>
    from adaptive_mutation_v7 import AdaptiveMutator
  File "/home/franklin/workspace/gaming/game-skynet-minecraft/schematic-agent/adaptive_mutation_v7.py", line 7, in <module>
    from npu_spatial_engine import NPUSpatialEngine
ImportError: cannot import name 'NPUSpatialEngine' from 'npu_spatial_engine' (/home/franklin/workspace/gaming/game-skynet-minecraft/schematic-agent/npu_spatial_engine.py)
Traceback (most recent call last):
  File "/home/franklin/workspace/gaming/game-skynet-minecraft/schematic-agent/skynet_unified.py", line 10, in <module>
    from adaptive_mutation_v7 import AdaptiveMutator
  File "/home/franklin/workspace/gaming/game-skynet-minecraft/schematic-agent/adaptive_mutation_v7.py", line 7, in <module>
    from npu_spatial_engine import NPUSpatialEngine
ImportError: cannot import name 'NPUSpatialEngine' from 'npu_spatial_engine' (/home/franklin/workspace/gaming/game-skynet-minecraft/schematic-agent/npu_spatial_engine.py)
Traceback (most recent call last):
  File "/home/franklin/workspace/gaming/game-skynet-minecraft/schematic-agent/skynet_unified.py", line 10, in <module>
    from adaptive_mutation_v7 import AdaptiveMutator
  File "/home/franklin/workspace/gaming/game-skynet-minecraft/schematic-agent/adaptive_mutation_v7.py", line 7, in <module>
    from npu_spatial_engine import NPUSpatialEngine
ImportError: cannot import name 'NPUSpatialEngine' from 'npu_spatial_engine' (/home/franklin/workspace/gaming/game-skynet-minecraft/schematic-agent/npu_spatial_engine.py)
Traceback (most recent call last):
  File "/home/franklin/workspace/gaming/game-skynet-minecraft/schematic-agent/skynet_unified.py", line 10, in <module>
    from adaptive_mutation_v7 import AdaptiveMutator
  File "/home/franklin/workspace/gaming/game-skynet-minecraft/schematic-agent/adaptive_mutation_v7.py", line 7, in <module>
    from npu_spatial_engine import NPUSpatialEngine
ImportError: cannot import name 'NPUSpatialEngine' from 'npu_spatial_engine' (/home/franklin/workspace/gaming/game-skynet-minecraft/schematic-agent/npu_spatial_engine.py)
Traceback (most recent call last):
  File "/home/franklin/workspace/gaming/game-skynet-minecraft/schematic-agent/skynet_unified.py", line 10, in <module>
    from adaptive_mutation_v7 import AdaptiveMutator
  File "/home/franklin/workspace/gaming/game-skynet-minecraft/schematic-agent/adaptive_mutation_v7.py", line 7, in <module>
    from npu_spatial_engine import NPUSpatialEngine
ImportError: cannot import name 'NPUSpatialEngine' from 'npu_spatial_engine' (/home/franklin/workspace/gaming/game-skynet-minecraft/schematic-agent/npu_spatial_engine.py)
Traceback (most recent call last):
  File "/home/franklin/workspace/gaming/game-skynet-minecraft/schematic-agent/skynet_unified.py", line 10, in <module>
    from adaptive_mutation_v7 import AdaptiveMutator
  File "/home/franklin/workspace/gaming/game-skynet-minecraft/schematic-agent/adaptive_mutation_v7.py", line 7, in <module>
    from npu_spatial_engine import NPUSpatialEngine
ImportError: cannot import name 'NPUSpatialEngine' from 'npu_spatial_engine' (/home/franklin/workspace/gaming/game-skynet-minecraft/schematic-agent/npu_spatial_engine.py)
Traceback (most recent call last):
  File "/home/franklin/workspace/gaming/game-skynet-minecraft/schematic-agent/skynet_unified.py", line 10, in <module>
    from adaptive_mutation_v7 import AdaptiveMutator
  File "/home/franklin/workspace/gaming/game-skynet-minecraft/schematic-agent/adaptive_mutation_v7.py", line 7, in <module>
    from npu_spatial_engine import NPUSpatialEngine
ImportError: cannot import name 'NPUSpatialEngine' from 'npu_spatial_engine' (/home/franklin/workspace/gaming/game-skynet-minecraft/schematic-agent/npu_spatial_engine.py)
Traceback (most recent call last):
  File "/home/franklin/workspace/gaming/game-skynet-minecraft/schematic-agent/skynet_unified.py", line 10, in <module>
    from adaptive_mutation_v7 import AdaptiveMutator
  File "/home/franklin/workspace/gaming/game-skynet-minecraft/schematic-agent/adaptive_mutation_v7.py", line 7, in <module>
    from npu_spatial_engine import NPUSpatialEngine
ImportError: cannot import name 'NPUSpatialEngine' from 'npu_spatial_engine' (/home/franklin/workspace/gaming/game-skynet-minecraft/schematic-agent/npu_spatial_engine.py)
Traceback (most recent call last):
  File "/home/franklin/workspace/gaming/game-skynet-minecraft/schematic-agent/skynet_unified.py", line 10, in <module>
    from adaptive_mutation_v7 import AdaptiveMutator
  File "/home/franklin/workspace/gaming/game-skynet-minecraft/schematic-agent/adaptive_mutation_v7.py", line 7, in <module>
    from npu_spatial_engine import NPUSpatialEngine
ImportError: cannot import name 'NPUSpatialEngine' from 'npu_spatial_engine' (/home/franklin/workspace/gaming/game-skynet-minecraft/schematic-agent/npu_spatial_engine.py)
Traceback (most recent call last):
  File "/home/franklin/workspace/gaming/game-skynet-minecraft/schematic-agent/skynet_unified.py", line 10, in <module>
    from adaptive_mutation_v7 import AdaptiveMutator
  File "/home/franklin/workspace/gaming/game-skynet-minecraft/schematic-agent/adaptive_mutation_v7.py", line 7, in <module>
    from npu_spatial_engine import NPUSpatialEngine
ImportError: cannot import name 'NPUSpatialEngine' from 'npu_spatial_engine' (/home/franklin/workspace/gaming/game-skynet-minecraft/schematic-agent/npu_spatial_engine.py)
Traceback (most recent call last):
  File "/home/franklin/workspace/gaming/game-skynet-minecraft/schematic-agent/skynet_unified.py", line 10, in <module>
    from adaptive_mutation_v7 import AdaptiveMutator
  File "/home/franklin/workspace/gaming/game-skynet-minecraft/schematic-agent/adaptive_mutation_v7.py", line 7, in <module>
    from npu_spatial_engine import NPUSpatialEngine
ImportError: cannot import name 'NPUSpatialEngine' from 'npu_spatial_engine' (/home/franklin/workspace/gaming/game-skynet-minecraft/schematic-agent/npu_spatial_engine.py)
Traceback (most recent call last):
  File "/home/franklin/workspace/gaming/game-skynet-minecraft/schematic-agent/skynet_unified.py", line 10, in <module>
    from adaptive_mutation_v7 import AdaptiveMutator
  File "/home/franklin/workspace/gaming/game-skynet-minecraft/schematic-agent/adaptive_mutation_v7.py", line 7, in <module>
    from npu_spatial_engine import NPUSpatialEngine
ImportError: cannot import name 'NPUSpatialEngine' from 'npu_spatial_engine' (/home/franklin/workspace/gaming/game-skynet-minecraft/schematic-agent/npu_spatial_engine.py)
Traceback (most recent call last):
  File "/home/franklin/workspace/gaming/game-skynet-minecraft/schematic-agent/skynet_unified.py", line 10, in <module>
    from adaptive_mutation_v7 import AdaptiveMutator
  File "/home/franklin/workspace/gaming/game-skynet-minecraft/schematic-agent/adaptive_mutation_v7.py", line 7, in <module>
    from npu_spatial_engine import NPUSpatialEngine
ImportError: cannot import name 'NPUSpatialEngine' from 'npu_spatial_engine' (/home/franklin/workspace/gaming/game-skynet-minecraft/schematic-agent/npu_spatial_engine.py)
Traceback (most recent call last):
  File "/home/franklin/workspace/gaming/game-skynet-minecraft/schematic-agent/skynet_unified.py", line 10, in <module>
    from adaptive_mutation_v7 import AdaptiveMutator
  File "/home/franklin/workspace/gaming/game-skynet-minecraft/schematic-agent/adaptive_mutation_v7.py", line 7, in <module>
    from npu_spatial_engine import NPUSpatialEngine
ImportError: cannot import name 'NPUSpatialEngine' from 'npu_spatial_engine' (/home/franklin/workspace/gaming/game-skynet-minecraft/schematic-agent/npu_spatial_engine.py)
Traceback (most recent call last):
  File "/home/franklin/workspace/gaming/game-skynet-minecraft/schematic-agent/skynet_unified.py", line 11, in <module>
    from skynet_process import get_hailo_structure_logic
  File "/home/franklin/workspace/gaming/game-skynet-minecraft/schematic-agent/skynet_process.py", line 59
    def get_node_logic(node="node_hailo", sector="Shroomville", metadata=None):
SyntaxError: expected 'except' or 'finally' block
Traceback (most recent call last):
  File "/home/franklin/workspace/gaming/game-skynet-minecraft/schematic-agent/skynet_unified.py", line 11, in <module>
    from skynet_process import get_hailo_structure_logic
  File "/home/franklin/workspace/gaming/game-skynet-minecraft/schematic-agent/skynet_process.py", line 59
    def get_node_logic(node="node_hailo", sector="Shroomville", metadata=None):
SyntaxError: expected 'except' or 'finally' block
Traceback (most recent call last):
  File "/home/franklin/workspace/gaming/game-skynet-minecraft/schematic-agent/skynet_unified.py", line 11, in <module>
    from skynet_process import get_hailo_structure_logic
  File "/home/franklin/workspace/gaming/game-skynet-minecraft/schematic-agent/skynet_process.py", line 59
    def get_node_logic(node="node_hailo", sector="Shroomville", metadata=None):
SyntaxError: expected 'except' or 'finally' block
Traceback (most recent call last):
  File "/home/franklin/workspace/gaming/game-skynet-minecraft/schematic-agent/skynet_unified.py", line 11, in <module>
    from skynet_process import get_hailo_structure_logic
  File "/home/franklin/workspace/gaming/game-skynet-minecraft/schematic-agent/skynet_process.py", line 59
    def get_node_logic(node="node_hailo", sector="Shroomville", metadata=None):
SyntaxError: expected 'except' or 'finally' block
Traceback (most recent call last):
  File "/home/franklin/workspace/gaming/game-skynet-minecraft/schematic-agent/skynet_unified.py", line 11, in <module>
    from skynet_process import get_hailo_structure_logic
  File "/home/franklin/workspace/gaming/game-skynet-minecraft/schematic-agent/skynet_process.py", line 59
    def get_node_logic(node="node_hailo", sector="Shroomville", metadata=None):
SyntaxError: expected 'except' or 'finally' block
Traceback (most recent call last):
  File "/home/franklin/workspace/gaming/game-skynet-minecraft/schematic-agent/skynet_unified.py", line 11, in <module>
    from skynet_process import get_hailo_structure_logic
  File "/home/franklin/workspace/gaming/game-skynet-minecraft/schematic-agent/skynet_process.py", line 59
    def get_node_logic(node="node_hailo", sector="Shroomville", metadata=None):
SyntaxError: expected 'except' or 'finally' block
Traceback (most recent call last):
  File "/home/franklin/workspace/gaming/game-skynet-minecraft/schematic-agent/skynet_unified.py", line 11, in <module>
    from skynet_process import get_hailo_structure_logic
  File "/home/franklin/workspace/gaming/game-skynet-minecraft/schematic-agent/skynet_process.py", line 59
    def get_node_logic(node="node_hailo", sector="Shroomville", metadata=None):
SyntaxError: expected 'except' or 'finally' block
Traceback (most recent call last):
  File "/home/franklin/workspace/gaming/game-skynet-minecraft/schematic-agent/skynet_unified.py", line 11, in <module>
    from skynet_process import get_hailo_structure_logic
  File "/home/franklin/workspace/gaming/game-skynet-minecraft/schematic-agent/skynet_process.py", line 59
    def get_node_logic(node="node_hailo", sector="Shroomville", metadata=None):
SyntaxError: expected 'except' or 'finally' block
Traceback (most recent call last):
  File "/home/franklin/workspace/gaming/game-skynet-minecraft/schematic-agent/skynet_unified.py", line 11, in <module>
    from skynet_process import get_hailo_structure_logic
  File "/home/franklin/workspace/gaming/game-skynet-minecraft/schematic-agent/skynet_process.py", line 59
    def get_node_logic(node="node_hailo", sector="Shroomville", metadata=None):
SyntaxError: expected 'except' or 'finally' block
Traceback (most recent call last):
  File "/home/franklin/workspace/gaming/game-skynet-minecraft/schematic-agent/skynet_unified.py", line 11, in <module>
    from skynet_process import get_hailo_structure_logic
  File "/home/franklin/workspace/gaming/game-skynet-minecraft/schematic-agent/skynet_process.py", line 59
    def get_node_logic(node="node_hailo", sector="Shroomville", metadata=None):
SyntaxError: expected 'except' or 'finally' block
Traceback (most recent call last):
  File "/home/franklin/workspace/gaming/game-skynet-minecraft/schematic-agent/skynet_unified.py", line 11, in <module>
    from skynet_process import get_hailo_structure_logic
  File "/home/franklin/workspace/gaming/game-skynet-minecraft/schematic-agent/skynet_process.py", line 59
    def get_node_logic(node="node_hailo", sector="Shroomville", metadata=None):
SyntaxError: expected 'except' or 'finally' block
Traceback (most recent call last):
  File "/home/franklin/workspace/gaming/game-skynet-minecraft/schematic-agent/skynet_unified.py", line 11, in <module>
    from skynet_process import get_hailo_structure_logic
  File "/home/franklin/workspace/gaming/game-skynet-minecraft/schematic-agent/skynet_process.py", line 59
    def get_node_logic(node="node_hailo", sector="Shroomville", metadata=None):
SyntaxError: expected 'except' or 'finally' block
Traceback (most recent call last):
  File "/home/franklin/workspace/gaming/game-skynet-minecraft/schematic-agent/skynet_unified.py", line 11, in <module>
    from skynet_process import get_hailo_structure_logic
  File "/home/franklin/workspace/gaming/game-skynet-minecraft/schematic-agent/skynet_process.py", line 59
    def get_node_logic(node="node_hailo", sector="Shroomville", metadata=None):
SyntaxError: expected 'except' or 'finally' block
Traceback (most recent call last):
  File "/home/franklin/workspace/gaming/game-skynet-minecraft/schematic-agent/skynet_unified.py", line 11, in <module>
    from skynet_process import get_hailo_structure_logic
  File "/home/franklin/workspace/gaming/game-skynet-minecraft/schematic-agent/skynet_process.py", line 59
    def get_node_logic(node="node_hailo", sector="Shroomville", metadata=None):
SyntaxError: expected 'except' or 'finally' block
Traceback (most recent call last):
  File "/home/franklin/workspace/gaming/game-skynet-minecraft/schematic-agent/skynet_unified.py", line 11, in <module>
    from skynet_process import get_hailo_structure_logic
  File "/home/franklin/workspace/gaming/game-skynet-minecraft/schematic-agent/skynet_process.py", line 59
    def get_node_logic(node="node_hailo", sector="Shroomville", metadata=None):
SyntaxError: expected 'except' or 'finally' block
Traceback (most recent call last):
  File "/home/franklin/workspace/gaming/game-skynet-minecraft/schematic-agent/skynet_unified.py", line 11, in <module>
    from skynet_process import get_hailo_structure_logic
  File "/home/franklin/workspace/gaming/game-skynet-minecraft/schematic-agent/skynet_process.py", line 59
    def get_node_logic(node="node_hailo", sector="Shroomville", metadata=None):
SyntaxError: expected 'except' or 'finally' block
Traceback (most recent call last):
  File "/home/franklin/workspace/gaming/game-skynet-minecraft/schematic-agent/skynet_unified.py", line 11, in <module>
    from skynet_process import get_hailo_structure_logic
  File "/home/franklin/workspace/gaming/game-skynet-minecraft/schematic-agent/skynet_process.py", line 59
    def get_node_logic(node="node_hailo", sector="Shroomville", metadata=None):
SyntaxError: expected 'except' or 'finally' block
Traceback (most recent call last):
  File "/home/franklin/workspace/gaming/game-skynet-minecraft/schematic-agent/skynet_unified.py", line 11, in <module>
    from skynet_process import get_hailo_structure_logic
  File "/home/franklin/workspace/gaming/game-skynet-minecraft/schematic-agent/skynet_process.py", line 59
    def get_node_logic(node="node_hailo", sector="Shroomville", metadata=None):
SyntaxError: expected 'except' or 'finally' block
Traceback (most recent call last):
  File "/home/franklin/workspace/gaming/game-skynet-minecraft/schematic-agent/skynet_unified.py", line 11, in <module>
    from skynet_process import get_hailo_structure_logic
  File "/home/franklin/workspace/gaming/game-skynet-minecraft/schematic-agent/skynet_process.py", line 59
    def get_node_logic(node="node_hailo", sector="Shroomville", metadata=None):
SyntaxError: expected 'except' or 'finally' block
Traceback (most recent call last):
  File "/home/franklin/workspace/gaming/game-skynet-minecraft/schematic-agent/skynet_unified.py", line 11, in <module>
    from skynet_process import get_hailo_structure_logic
  File "/home/franklin/workspace/gaming/game-skynet-minecraft/schematic-agent/skynet_process.py", line 59
    def get_node_logic(node="node_hailo", sector="Shroomville", metadata=None):
SyntaxError: expected 'except' or 'finally' block
Traceback (most recent call last):
  File "/home/franklin/workspace/gaming/game-skynet-minecraft/schematic-agent/skynet_unified.py", line 11, in <module>
    from skynet_process import get_hailo_structure_logic
  File "/home/franklin/workspace/gaming/game-skynet-minecraft/schematic-agent/skynet_process.py", line 59
    def get_node_logic(node="node_hailo", sector="Shroomville", metadata=None):
SyntaxError: expected 'except' or 'finally' block
Traceback (most recent call last):
  File "/home/franklin/workspace/gaming/game-skynet-minecraft/schematic-agent/skynet_unified.py", line 11, in <module>
    from skynet_process import get_hailo_structure_logic
  File "/home/franklin/workspace/gaming/game-skynet-minecraft/schematic-agent/skynet_process.py", line 59
    def get_node_logic(node="node_hailo", sector="Shroomville", metadata=None):
SyntaxError: expected 'except' or 'finally' block
Traceback (most recent call last):
  File "/home/franklin/workspace/gaming/game-skynet-minecraft/schematic-agent/skynet_unified.py", line 11, in <module>
    from skynet_process import get_hailo_structure_logic
  File "/home/franklin/workspace/gaming/game-skynet-minecraft/schematic-agent/skynet_process.py", line 59
    def get_node_logic(node="node_hailo", sector="Shroomville", metadata=None):
SyntaxError: expected 'except' or 'finally' block
Traceback (most recent call last):
  File "/home/franklin/workspace/gaming/game-skynet-minecraft/schematic-agent/skynet_unified.py", line 11, in <module>
    from skynet_process import get_hailo_structure_logic
  File "/home/franklin/workspace/gaming/game-skynet-minecraft/schematic-agent/skynet_process.py", line 59
    def get_node_logic(node="node_hailo", sector="Shroomville", metadata=None):
SyntaxError: expected 'except' or 'finally' block
Traceback (most recent call last):
  File "/home/franklin/workspace/gaming/game-skynet-minecraft/schematic-agent/skynet_unified.py", line 11, in <module>
    from skynet_process import get_hailo_structure_logic
  File "/home/franklin/workspace/gaming/game-skynet-minecraft/schematic-agent/skynet_process.py", line 59
    def get_node_logic(node="node_hailo", sector="Shroomville", metadata=None):
SyntaxError: expected 'except' or 'finally' block
2026-03-26 16:31:40,092 - [INFO] - 🚀 Skynet Unified Brain v1.5: INITIALIZED
2026-03-26 16:31:40,092 - [INFO] - 📡 Hardware: Pi 5 + Hailo-8L (Threshold: 75.0'C)
2026-03-26 16:31:40,092 - [INFO] - ⚙️ Config: IP=chonk.lab.bitsmasher.net, Port=25575, Pass=***%'
2026-03-26 16:31:43,240 - [ERROR] - RCON Failure: [Errno 113] No route to host
2026-03-26 16:31:46,350 - [ERROR] - RCON Failure: [Errno 113] No route to host
2026-03-26 16:31:46,352 - [INFO] - 🏗 Starting Urbanization Build Cycle (.schem)...
2026-03-26 16:31:46,352 - [INFO] - 🔍 Surveying site at (-1293, -529) with radius 5...
2026-03-26 16:31:46,352 - [INFO] - SELECTED: SKYNET_BRIDGE_4552 in AI Containment Area
2026-03-26 16:31:46,389 - [INFO] - ✅ Generated: SKYNET_BRIDGE_4552.schem
2026-03-26 16:31:49,550 - [ERROR] - RCON Failure: [Errno 113] No route to host
2026-03-26 16:31:52,670 - [ERROR] - RCON Failure: [Errno 113] No route to host
2026-03-26 16:31:55,790 - [ERROR] - RCON Failure: [Errno 113] No route to host
2026-03-26 16:31:55,790 - [INFO] - 🚀 Deployed SKYNET_BRIDGE_4552 to AI Containment Area
