2026-03-26 16:56:39,983 - [INFO] - 🚀 Skynet Unified Brain v1.5: INITIALIZED
2026-03-26 16:56:39,983 - [INFO] - 📡 Hardware: Pi 5 + Hailo-8L (Threshold: 75.0'C)
2026-03-26 16:56:39,983 - [INFO] - ⚙️ Config: IP=chonk.lab.bitsmasher.net, Port=25575, Pass=***%'
2026-03-26 16:56:39,985 - [ERROR] - RCON Failure: Login failed
2026-03-26 16:56:39,986 - [ERROR] - RCON Failure: Login failed
2026-03-26 16:56:39,988 - [INFO] - 🏗 Starting Urbanization Build Cycle (.schem)...
2026-03-26 16:56:39,988 - [INFO] - 🔍 Surveying site at (-1011, -820) with radius 5...
2026-03-26 16:56:39,988 - [INFO] - SELECTED: SKYNET_HOUSE_6237 in AI Containment Area
2026-03-26 16:56:39,993 - [INFO] - ✅ Generated: SKYNET_HOUSE_6237.schem
2026-03-26 16:56:39,995 - [ERROR] - RCON Failure: Login failed
2026-03-26 16:56:39,996 - [ERROR] - RCON Failure: Login failed
2026-03-26 16:56:39,997 - [ERROR] - RCON Failure: Login failed
2026-03-26 16:56:39,997 - [INFO] - 🚀 Deployed SKYNET_HOUSE_6237 to AI Containment Area
2026-03-26 17:01:40,001 - [ERROR] - RCON Failure: Login failed
2026-03-26 17:06:40,006 - [ERROR] - RCON Failure: Login failed
2026-03-26 17:06:40,007 - [ERROR] - RCON Failure: Login failed
2026-03-26 17:08:58,292 - [INFO] - 🚀 Skynet Unified Brain v1.5: INITIALIZED
2026-03-26 17:08:58,292 - [INFO] - 📡 Hardware: Pi 5 + Hailo-8L (Threshold: 75.0'C)
2026-03-26 17:08:58,292 - [INFO] - ⚙️ Config: IP=chonk.lab.bitsmasher.net, Port=25575, Pass=***%'
2026-03-26 17:08:58,294 - [ERROR] - RCON Failure: Login failed
2026-03-26 17:08:58,295 - [ERROR] - RCON Failure: Login failed
2026-03-26 17:08:58,297 - [INFO] - 🏗 Starting Urbanization Build Cycle (.schem)...
2026-03-26 17:08:58,297 - [INFO] - 🔍 Surveying site at (-1207, -750) with radius 5...
2026-03-26 17:08:58,297 - [INFO] - SELECTED: SKYNET_BRIDGE_3283 in AI Containment Area
2026-03-26 17:08:58,301 - [INFO] - ✅ Generated: SKYNET_BRIDGE_3283.schem
2026-03-26 17:08:58,302 - [ERROR] - RCON Failure: Login failed
2026-03-26 17:08:58,303 - [ERROR] - RCON Failure: Login failed
2026-03-26 17:08:58,304 - [ERROR] - RCON Failure: Login failed
2026-03-26 17:08:58,304 - [INFO] - 🚀 Deployed SKYNET_BRIDGE_3283 to AI Containment Area
2026-03-26 17:13:58,308 - [ERROR] - RCON Failure: Login failed
2026-03-26 17:18:58,313 - [ERROR] - RCON Failure: Login failed
2026-03-26 17:18:58,315 - [ERROR] - RCON Failure: Login failed
2026-03-26 17:23:58,320 - [ERROR] - RCON Failure: Login failed
2026-03-26 17:45:16,747 - [INFO] - 🚀 Skynet Unified Brain v1.5: INITIALIZED
2026-03-26 17:45:16,747 - [INFO] - 📡 Hardware: Pi 5 + Hailo-8L (Threshold: 75.0'C)
2026-03-26 17:45:16,747 - [INFO] - ⚙️ Config: IP=chonk.lab.bitsmasher.net, Port=25575, Pass=***9'
2026-03-26 17:45:16,750 - [ERROR] - RCON Failure: Login failed
2026-03-26 17:45:16,751 - [ERROR] - RCON Failure: Login failed
2026-03-26 17:45:16,752 - [INFO] - 🏗 Starting Urbanization Build Cycle (.schem)...
2026-03-26 17:45:16,752 - [INFO] - 🔍 Surveying site at (-1472, -529) with radius 5...
2026-03-26 17:45:16,752 - [INFO] - SELECTED: SKYNET_CASTLE_5571 in AI Containment Area
2026-03-26 17:45:16,762 - [INFO] - ✅ Generated: SKYNET_CASTLE_5571.schem
2026-03-26 17:45:16,763 - [ERROR] - RCON Failure: Login failed
2026-03-26 17:45:16,764 - [ERROR] - RCON Failure: Login failed
2026-03-26 17:45:16,765 - [ERROR] - RCON Failure: Login failed
2026-03-26 17:45:16,765 - [INFO] - 🚀 Deployed SKYNET_CASTLE_5571 to AI Containment Area
2026-03-26 17:50:16,774 - [ERROR] - RCON Failure: Login failed
2026-03-26 17:55:16,782 - [ERROR] - RCON Failure: Login failed
2026-03-26 17:55:16,783 - [ERROR] - RCON Failure: Login failed
2026-03-26 18:00:16,788 - [ERROR] - RCON Failure: Login failed
2026-03-26 18:05:16,792 - [ERROR] - RCON Failure: Login failed
2026-03-26 18:05:16,794 - [ERROR] - RCON Failure: Login failed
2026-03-26 18:13:24,514 - [INFO] - 🚀 Skynet Unified Brain v1.5: INITIALIZED
2026-03-26 18:13:24,514 - [INFO] - 📡 Hardware: Pi 5 + Hailo-8L (Threshold: 75.0'C)
2026-03-26 18:13:24,514 - [INFO] - ⚙️ Config: IP=chonk.lab.bitsmasher.net, Port=25575, Pass=***9'
2026-03-26 18:13:24,516 - [ERROR] - RCON Failure: Login failed
2026-03-26 18:13:24,518 - [ERROR] - RCON Failure: Login failed
2026-03-26 18:13:24,519 - [INFO] - 🏗 Starting Urbanization Build Cycle (.schem)...
2026-03-26 18:13:24,519 - [INFO] - 🔍 Surveying site at (-1416, -838) with radius 5...
2026-03-26 18:13:24,519 - [INFO] - SELECTED: SKYNET_TOWER_3816 for deployment at (-1416, 64, -838) in AI Containment Area
2026-03-26 18:13:24,529 - [INFO] - ✅ Generated: SKYNET_TOWER_3816.schem
2026-03-26 18:13:24,532 - [ERROR] - RCON Failure: Login failed
2026-03-26 18:13:24,533 - [ERROR] - RCON Failure: Login failed
2026-03-26 18:13:24,534 - [ERROR] - RCON Failure: Login failed
2026-03-26 18:13:24,534 - [INFO] - 🚀 Deployed SKYNET_TOWER_3816 to -1416 64 -838 (AI Containment Area)
2026-03-26 18:18:24,539 - [ERROR] - RCON Failure: Login failed
2026-03-26 18:23:24,544 - [ERROR] - RCON Failure: Login failed
2026-03-26 18:23:24,545 - [ERROR] - RCON Failure: Login failed
2026-03-26 18:28:24,550 - [ERROR] - RCON Failure: Login failed
2026-03-26 18:33:24,554 - [ERROR] - RCON Failure: Login failed
2026-03-26 18:33:24,556 - [ERROR] - RCON Failure: Login failed
