2026-03-24 11:30:04,751 - [INFO] - 🚀 Skynet Daemon v1.2: INITIALIZED
2026-03-24 11:30:04,751 - [INFO] - 📡 Monitoring Pi 5 + Hailo-8L (Threshold: 75.0'C)
2026-03-24 11:30:04,780 - [INFO] - 📡 RCON Connectivity Verified: §6There are §c0§6 out of maximum §c69§6 players online.

2026-03-24 11:30:04,780 - [INFO] - --- Starting Build Cycle | Temp: 49.4'C ---
2026-03-24 11:30:04,780 - [INFO] - 👁 Running Adaptive Mutation Cycle...
2026-03-24 11:30:04,781 - [INFO] - ☀️ No incursions detected. World state: PRISTINE.
2026-03-24 11:30:04,781 - [INFO] - 🏗 NPU Spatial Inference: Generating New Randomized Build...
2026-03-24 11:30:04,781 - [ERROR] - ❌ Build Error: get_hailo_structure_logic() got an unexpected keyword argument 'sector'
2026-03-24 11:30:04,781 - [INFO] - 💤 Cycle complete. Next autonomous build in 3600s.
2026-03-24 11:32:01,936 - [INFO] - 🚀 Skynet Daemon v1.2: INITIALIZED
2026-03-24 11:32:01,936 - [INFO] - 📡 Monitoring Pi 5 + Hailo-8L (Threshold: 75.0'C)
2026-03-24 11:32:01,938 - [ERROR] - ❌ RCON Connectivity Failed: str, bytes or bytearray expected, not NoneType
2026-03-24 11:32:01,938 - [INFO] - --- Starting Build Cycle | Temp: 51.6'C ---
2026-03-24 11:32:01,938 - [INFO] - 👁 Running Adaptive Mutation Cycle...
2026-03-24 11:32:01,938 - [INFO] - ☀️ No incursions detected. World state: PRISTINE.
2026-03-24 11:32:01,938 - [INFO] - 🏗 NPU Spatial Inference: Generating New Randomized Build...
2026-03-24 11:32:01,938 - [ERROR] - ❌ Build Error: get_hailo_structure_logic() got an unexpected keyword argument 'sector'
2026-03-24 11:32:01,938 - [INFO] - 💤 Cycle complete. Next autonomous build in 3600s.
2026-03-24 11:32:23,501 - [INFO] - 🚀 Skynet Daemon v1.2: INITIALIZED
2026-03-24 11:32:23,501 - [INFO] - 📡 Monitoring Pi 5 + Hailo-8L (Threshold: 75.0'C)
2026-03-24 11:32:23,503 - [ERROR] - ❌ RCON Connectivity Failed: str, bytes or bytearray expected, not NoneType
2026-03-24 11:32:23,503 - [INFO] - --- Starting Build Cycle | Temp: 53.2'C ---
2026-03-24 11:32:23,503 - [INFO] - 👁 Running Adaptive Mutation Cycle...
2026-03-24 11:32:23,503 - [INFO] - ☀️ No incursions detected. World state: PRISTINE.
2026-03-24 11:32:23,503 - [INFO] - 🏗 NPU Spatial Inference: Generating New Randomized Build...
2026-03-24 11:32:23,503 - [ERROR] - ❌ Build Error: get_hailo_structure_logic() got an unexpected keyword argument 'sector'
2026-03-24 11:32:23,503 - [INFO] - 💤 Cycle complete. Next autonomous build in 3600s.
2026-03-24 11:34:01,159 - [INFO] - 🚀 Skynet Daemon v1.2: INITIALIZED
2026-03-24 11:34:01,159 - [INFO] - 📡 Monitoring Pi 5 + Hailo-8L (Threshold: 75.0'C)
2026-03-24 11:34:01,164 - [ERROR] - ❌ RCON Connectivity Failed: Login failed
2026-03-24 11:34:01,164 - [INFO] - --- Starting Build Cycle | Temp: 53.2'C ---
2026-03-24 11:34:01,164 - [INFO] - 👁 Running Adaptive Mutation Cycle...
2026-03-24 11:34:01,164 - [INFO] - ☀️ No incursions detected. World state: PRISTINE.
2026-03-24 11:34:01,165 - [INFO] - 🏗 NPU Spatial Inference: Generating New Randomized Build...
2026-03-24 11:34:01,166 - [INFO] - ✅ Successfully deployed Void-Tech 138 to Abyssal Reef (Ocean Sector)
2026-03-24 11:34:01,166 - [INFO] - 💤 Cycle complete. Next autonomous build in 3600s.
2026-03-24 11:35:04,849 - [INFO] - 📡 RCON Connectivity Verified: §6There are §c0§6 out of maximum §c69§6 players online.

2026-03-24 11:39:01,230 - [ERROR] - ❌ RCON Connectivity Failed: Login failed
2026-03-24 11:40:04,959 - [INFO] - 📡 RCON Connectivity Verified: §6There are §c0§6 out of maximum §c69§6 players online.

2026-03-24 11:45:05,033 - [INFO] - 📡 RCON Connectivity Verified: §6There are §c0§6 out of maximum §c69§6 players online.

2026-03-24 11:50:05,101 - [INFO] - 📡 RCON Connectivity Verified: §6There are §c0§6 out of maximum §c69§6 players online.

2026-03-24 11:55:05,167 - [INFO] - 📡 RCON Connectivity Verified: §6There are §c0§6 out of maximum §c69§6 players online.

2026-03-24 12:00:05,232 - [INFO] - 📡 RCON Connectivity Verified: §6There are §c0§6 out of maximum §c69§6 players online.

